[COPY] --- ROCK-COPYRIGHT-NOTE-BEGIN ---
[COPY] 
[COPY] This copyright note is auto-generated by ./scripts/Create-CopyPatch.
[COPY] Please add additional copyright information _after_ the line containing
[COPY] the ROCK-COPYRIGHT-NOTE-END tag. Otherwise it might get removed by
[COPY] the ./scripts/Create-CopyPatch script. Do not edit this copyright text!
[COPY] 
[COPY] ROCK Linux: rock-src/package/rene/alsaplayer/alsaplayer.cache
[COPY] ROCK Linux is Copyright (C) 1998 - 2004 Clifford Wolf
[COPY] 
[COPY] This program is free software; you can redistribute it and/or modify
[COPY] it under the terms of the GNU General Public License as published by
[COPY] the Free Software Foundation; either version 2 of the License, or
[COPY] (at your option) any later version. A copy of the GNU General Public
[COPY] License can be found at Documentation/COPYING.
[COPY] 
[COPY] Many people helped and are helping developing ROCK Linux. Please
[COPY] have a look at http://www.rocklinux.org/ and the Documentation/TEAM
[COPY] file for details.
[COPY] 
[COPY] --- ROCK-COPYRIGHT-NOTE-END ---

[TIMESTAMP] 1087482325 Thu Jun 17 16:25:25 2004
[CONFIG-ID] 2.1.0-DEV-x86-reference-expert
[ROCKVER] 2.1.0-DEV

[LOGS] 5-alsaplayer.log 9-alsaplayer.err

[BUILDTIME] 8360 (5)
[SIZE] 1.10 MB, 138 files

[DEP] 00-dirtree alsa audiofile bash binutils bzip2 ccache coreutils
[DEP] diffutils doxygen esound findutils flac gawk gcc3 glib12 glibc23 grep
[DEP] gtk+12 jack libmikmod libsndfile linux24-header mad make mktemp nas
[DEP] net-tools ogg-vorbis pkgconfig sed sysfiles tar util-linux xfree86
[DEP] xosd zlib

[9-ERROR] nas.c:230: request for member `flow' in something not a structure or union
[9-ERROR] nas.c:230: warning: implicit declaration of function `AuCreateFlow'
[9-ERROR] nas.c:230: request for member `aud' in something not a structure or union
[9-ERROR] nas.c:235: `buf_samples' undeclared (first use in this function)
[9-ERROR] nas.c:239: warning: implicit declaration of function `AuMakeElementImportClient'
[9-ERROR] nas.c:239: `elements' undeclared (first use in this function)
[9-ERROR] nas.c:240: request for member `freq' in something not a structure or union
[9-ERROR] nas.c:244: `AuTrue' undeclared (first use in this function)
[9-ERROR] nas.c:251: warning: implicit declaration of function `AuMakeElementExportDevice'
[9-ERROR] nas.c:254: request for member `freq' in something not a structure or union
[9-ERROR] nas.c:256: `AuUnlimitedSamples' undeclared (first use in this function)
[9-ERROR] nas.c:259: warning: implicit declaration of function `AuSetElements'
[9-ERROR] nas.c:259: request for member `aud' in something not a structure or union
[9-ERROR] nas.c:260: request for member `flow' in something not a structure or union
[9-ERROR] nas.c:266: warning: implicit declaration of function `AuRegisterEventHandler'
[9-ERROR] nas.c:266: request for member `aud' in something not a structure or union
[9-ERROR] nas.c:267: `AuEventHandlerIDMask' undeclared (first use in this function)
[9-ERROR] nas.c:269: request for member `flow' in something not a structure or union
[9-ERROR] nas.c:271: `AuPointer' undeclared (first use in this function)
[9-ERROR] nas.c:273: request for member `buf_size' in something not a structure or union
[9-ERROR] nas.c:273: warning: implicit declaration of function `AuSizeofFormat'
[9-ERROR] nas.c:274: request for member `buf' in something not a structure or union
[9-ERROR] nas.c:274: request for member `buf_size' in something not a structure or union
[9-ERROR] nas.c:275: request for member `buf' in something not a structure or union
[9-ERROR] nas.c:277: request for member `buf_size' in something not a structure or union
[9-ERROR] nas.c:280: request for member `buf_cnt' in something not a structure or union
[9-ERROR] nas.c:281: request for member `data_sent' in something not a structure or union
[9-ERROR] nas.c:281: `AuFalse' undeclared (first use in this function)
[9-ERROR] nas.c:282: request for member `finished' in something not a structure or union
[9-ERROR] nas.c:284: warning: implicit declaration of function `AuStartFlow'
[9-ERROR] nas.c:284: request for member `aud' in something not a structure or union
[9-ERROR] nas.c:285: request for member `flow' in something not a structure or union
[9-ERROR] nas.c: In function `nas_set_sample_rate':
[9-ERROR] nas.c:294: request for member `freq' in something not a structure or union
[9-ERROR] make[3]: *** [nas.lo] Error 1
[9-ERROR] make[3]: Leaving directory `/ROCK/src.alsaplayer.1087482229.26088.3727383780/alsaplayer-0.99.76/output/nas'
[9-ERROR] make[2]: *** [all-recursive] Error 1
[9-ERROR] make[2]: Leaving directory `/ROCK/src.alsaplayer.1087482229.26088.3727383780/alsaplayer-0.99.76/output'
[9-ERROR] make[1]: *** [all-recursive] Error 1
[9-ERROR] make[1]: Leaving directory `/ROCK/src.alsaplayer.1087482229.26088.3727383780/alsaplayer-0.99.76'
[9-ERROR] make: *** [all] Error 2
[9-ERROR] --- BUILD ERROR ---
[9-ERROR] Creating file list and doing final adaptions ... 
[9-ERROR] processing static lib corrections ...
[9-ERROR] Found 138 files for this package.
[9-ERROR] Clear (old) md5sums and cksums ...
[9-ERROR] Calculating package dependencies ...
[9-ERROR] Creating md5sum and cksum files ... done.
[9-ERROR] Creating package description ...
[9-ERROR] Making post-install adaptions.

