[COPY] --- ROCK-COPYRIGHT-NOTE-BEGIN ---
[COPY] 
[COPY] This copyright note is auto-generated by ./scripts/Create-CopyPatch.
[COPY] Please add additional copyright information _after_ the line containing
[COPY] the ROCK-COPYRIGHT-NOTE-END tag. Otherwise it might get removed by
[COPY] the ./scripts/Create-CopyPatch script. Do not edit this copyright text!
[COPY] 
[COPY] ROCK Linux: rock-src/package/blindcoder/koules/koules.cache
[COPY] ROCK Linux is Copyright (C) 1998 - 2003 Clifford Wolf
[COPY] 
[COPY] This program is free software; you can redistribute it and/or modify
[COPY] it under the terms of the GNU General Public License as published by
[COPY] the Free Software Foundation; either version 2 of the License, or
[COPY] (at your option) any later version. A copy of the GNU General Public
[COPY] License can be found at Documentation/COPYING.
[COPY] 
[COPY] Many people helped and are helping developing ROCK Linux. Please
[COPY] have a look at http://www.rocklinux.org/ and the Documentation/TEAM
[COPY] file for details.
[COPY] 
[COPY] --- ROCK-COPYRIGHT-NOTE-END ---

[TIMESTAMP] 1058709413 Sun Jul 20 15:56:53 2003
[CONFIG-ID] 2.0.0-rc1-x86-reference
[ROCKVER] 2.0.0-rc1

[LOGS] 5-koules.err 9-koules.err

[5-ERROR] koules.h:333: warning: function declaration isn't a prototype
[5-ERROR] koules.h:334: warning: function declaration isn't a prototype
[5-ERROR] koules.h:335: warning: function declaration isn't a prototype
[5-ERROR] koules.h:336: warning: function declaration isn't a prototype
[5-ERROR] koules.h:337: warning: function declaration isn't a prototype
[5-ERROR] koules.h:338: warning: function declaration isn't a prototype
[5-ERROR] koules.h:339: warning: function declaration isn't a prototype
[5-ERROR] koules.h:340: warning: function declaration isn't a prototype
[5-ERROR] koules.h:341: warning: function declaration isn't a prototype
[5-ERROR] koules.h:342: warning: function declaration isn't a prototype
[5-ERROR] koules.h:343: warning: function declaration isn't a prototype
[5-ERROR] koules.h:344: warning: function declaration isn't a prototype
[5-ERROR] koules.h:345: warning: function declaration isn't a prototype
[5-ERROR] koules.h:357: warning: function declaration isn't a prototype
[5-ERROR] In file included from koules.c:26:
[5-ERROR] server.h:14: warning: function declaration isn't a prototype
[5-ERROR] In file included from koules.c:27:
[5-ERROR] client.h:8: warning: function declaration isn't a prototype
[5-ERROR] In file included from koules.c:28:
[5-ERROR] joy.h:6: warning: function declaration isn't a prototype
[5-ERROR] joy.h:9: warning: function declaration isn't a prototype
[5-ERROR] koules.c:117: warning: function declaration isn't a prototype
[5-ERROR] koules.c:139: warning: function declaration isn't a prototype
[5-ERROR] koules.c:206: warning: function declaration isn't a prototype
[5-ERROR] koules.c:348: warning: function declaration isn't a prototype
[5-ERROR] koules.c:636: warning: no previous prototype for `explosion'
[5-ERROR] koules.c:790: warning: function declaration isn't a prototype
[5-ERROR] koules.c:810: warning: function declaration isn't a prototype
[5-ERROR] koules.c:896: warning: no previous prototype for `accel'
[5-ERROR] koules.c:943: warning: function declaration isn't a prototype
[5-ERROR] koules.c:1045: warning: function declaration isn't a prototype
[5-ERROR] koules.c:1196: warning: no previous prototype for `creators_points'
[5-ERROR] koules.c: In function `creators_points':
[5-ERROR] koules.c:1216: syntax error before '/' token
[5-ERROR] koules.c:1217: too many decimal points in floating constant
[5-ERROR] koules.c: At top level:
[5-ERROR] koules.c:1302: warning: function declaration isn't a prototype
[5-ERROR] koules.c:1414: warning: function declaration isn't a prototype
[5-ERROR] koules.c:1558: warning: function declaration isn't a prototype
[5-ERROR] koules.c:1642: warning: no previous prototype for `client_loop2'
[5-ERROR] koules.c:1661: warning: no previous prototype for `server_loop2'
[5-ERROR] make: *** [koules.o] Error 1
[5-ERROR] --- BUILD ERROR ---
[5-ERROR] Creating file list and doing final adoptions ... 
[5-ERROR] Found 7 files for this package.
[5-ERROR] Clear (old) md5sums and cksums ...
[5-ERROR] Calculating package dependencies ...
[5-ERROR] Creating md5sum and cksum files ... done.
[5-ERROR] Creating package description ...
[5-ERROR] Making post-install adoptions.

[9-ERROR] koules.h:333: warning: function declaration isn't a prototype
[9-ERROR] koules.h:334: warning: function declaration isn't a prototype
[9-ERROR] koules.h:335: warning: function declaration isn't a prototype
[9-ERROR] koules.h:336: warning: function declaration isn't a prototype
[9-ERROR] koules.h:337: warning: function declaration isn't a prototype
[9-ERROR] koules.h:338: warning: function declaration isn't a prototype
[9-ERROR] koules.h:339: warning: function declaration isn't a prototype
[9-ERROR] koules.h:340: warning: function declaration isn't a prototype
[9-ERROR] koules.h:341: warning: function declaration isn't a prototype
[9-ERROR] koules.h:342: warning: function declaration isn't a prototype
[9-ERROR] koules.h:343: warning: function declaration isn't a prototype
[9-ERROR] koules.h:344: warning: function declaration isn't a prototype
[9-ERROR] koules.h:345: warning: function declaration isn't a prototype
[9-ERROR] koules.h:357: warning: function declaration isn't a prototype
[9-ERROR] In file included from koules.c:26:
[9-ERROR] server.h:14: warning: function declaration isn't a prototype
[9-ERROR] In file included from koules.c:27:
[9-ERROR] client.h:8: warning: function declaration isn't a prototype
[9-ERROR] In file included from koules.c:28:
[9-ERROR] joy.h:6: warning: function declaration isn't a prototype
[9-ERROR] joy.h:9: warning: function declaration isn't a prototype
[9-ERROR] koules.c:117: warning: function declaration isn't a prototype
[9-ERROR] koules.c:139: warning: function declaration isn't a prototype
[9-ERROR] koules.c:206: warning: function declaration isn't a prototype
[9-ERROR] koules.c:348: warning: function declaration isn't a prototype
[9-ERROR] koules.c:636: warning: no previous prototype for `explosion'
[9-ERROR] koules.c:790: warning: function declaration isn't a prototype
[9-ERROR] koules.c:810: warning: function declaration isn't a prototype
[9-ERROR] koules.c:896: warning: no previous prototype for `accel'
[9-ERROR] koules.c:943: warning: function declaration isn't a prototype
[9-ERROR] koules.c:1045: warning: function declaration isn't a prototype
[9-ERROR] koules.c:1196: warning: no previous prototype for `creators_points'
[9-ERROR] koules.c: In function `creators_points':
[9-ERROR] koules.c:1216: syntax error before '/' token
[9-ERROR] koules.c:1217: too many decimal points in floating constant
[9-ERROR] koules.c: At top level:
[9-ERROR] koules.c:1302: warning: function declaration isn't a prototype
[9-ERROR] koules.c:1414: warning: function declaration isn't a prototype
[9-ERROR] koules.c:1558: warning: function declaration isn't a prototype
[9-ERROR] koules.c:1642: warning: no previous prototype for `client_loop2'
[9-ERROR] koules.c:1661: warning: no previous prototype for `server_loop2'
[9-ERROR] make: *** [koules.o] Error 1
[9-ERROR] --- BUILD ERROR ---
[9-ERROR] Creating file list and doing final adoptions ... 
[9-ERROR] Found 7 files for this package.
[9-ERROR] Clear (old) md5sums and cksums ...
[9-ERROR] Calculating package dependencies ...
[9-ERROR] Creating md5sum and cksum files ... done.
[9-ERROR] Creating package description ...
[9-ERROR] Making post-install adoptions.

